<?xml version="1.0" encoding="UTF-8"?>
<testsuite xmlns:xsi="http://www.w3.org/2001/XMLSchema-instance" xsi:noNamespaceSchemaLocation="https://maven.apache.org/surefire/maven-surefire-plugin/xsd/surefire-test-report.xsd" name="com.revature.AppTest" time="0.041" tests="1" errors="0" skipped="0" failures="0">
  <properties>
    <property name="sun.desktop" value="windows"/>
    <property name="awt.toolkit" value="sun.awt.windows.WToolkit"/>
    <property name="java.specification.version" value="11"/>
    <property name="sun.cpu.isalist" value="amd64"/>
    <property name="sun.jnu.encoding" value="Cp1252"/>
    <property name="java.class.path" value="C:\Users\Jules\Desktop\Uni\Revature\banking-application\target\test-classes;C:\Users\Jules\Desktop\Uni\Revature\banking-application\target\classes;C:\Users\Jules\.m2\repository\junit\junit\4.13\junit-4.13.jar;C:\Users\Jules\.m2\repository\org\hamcrest\hamcrest-core\1.3\hamcrest-core-1.3.jar;"/>
    <property name="java.vm.vendor" value="Microsoft"/>
    <property name="sun.arch.data.model" value="64"/>
    <property name="user.variant" value=""/>
    <property name="java.vendor.url" value="https://www.microsoft.com"/>
    <property name="user.timezone" value="America/Chicago"/>
    <property name="java.vm.specification.version" value="11"/>
    <property name="os.name" value="Windows 10"/>
    <property name="sun.java.launcher" value="SUN_STANDARD"/>
    <property name="user.country" value="US"/>
    <property name="sun.boot.library.path" value="C:\Program Files\Microsoft\jdk-11.0.16.101-hotspot\bin"/>
    <property name="sun.java.command" value="C:\Users\Jules\AppData\Local\Temp\surefire8916553653249230951\surefirebooter14929251359208407551.jar C:\Users\Jules\AppData\Local\Temp\surefire8916553653249230951 2024-07-11T09-27-16_519-jvmRun1 surefire16169039764711757036tmp surefire_014686595834850785218tmp"/>
    <property name="jdk.debug" value="release"/>
    <property name="surefire.test.class.path" value="C:\Users\Jules\Desktop\Uni\Revature\banking-application\target\test-classes;C:\Users\Jules\Desktop\Uni\Revature\banking-application\target\classes;C:\Users\Jules\.m2\repository\junit\junit\4.13\junit-4.13.jar;C:\Users\Jules\.m2\repository\org\hamcrest\hamcrest-core\1.3\hamcrest-core-1.3.jar;"/>
    <property name="sun.cpu.endian" value="little"/>
    <property name="user.home" value="C:\Users\Jules"/>
    <property name="user.language" value="en"/>
    <property name="java.specification.vendor" value="Oracle Corporation"/>
    <property name="java.version.date" value="2022-08-12"/>
    <property name="java.home" value="C:\Program Files\Microsoft\jdk-11.0.16.101-hotspot"/>
    <property name="file.separator" value="\"/>
    <property name="basedir" value="C:\Users\Jules\Desktop\Uni\Revature\banking-application"/>
    <property name="java.vm.compressedOopsMode" value="Zero based"/>
    <property name="line.separator" value="&#10;"/>
    <property name="java.specification.name" value="Java Platform API Specification"/>
    <property name="java.vm.specification.vendor" value="Oracle Corporation"/>
    <property name="java.awt.graphicsenv" value="sun.awt.Win32GraphicsEnvironment"/>
    <property name="surefire.real.class.path" value="C:\Users\Jules\AppData\Local\Temp\surefire8916553653249230951\surefirebooter14929251359208407551.jar"/>
    <property name="user.script" value=""/>
    <property name="sun.management.compiler" value="HotSpot 64-Bit Tiered Compilers"/>
    <property name="java.runtime.version" value="11.0.16.1+1-LTS"/>
    <property name="user.name" value="Jules"/>
    <property name="path.separator" value=";"/>
    <property name="os.version" value="10.0"/>
    <property name="java.runtime.name" value="OpenJDK Runtime Environment"/>
    <property name="file.encoding" value="Cp1252"/>
    <property name="java.vm.name" value="OpenJDK 64-Bit Server VM"/>
    <property name="java.vendor.version" value="Microsoft-40648"/>
    <property name="localRepository" value="C:\Users\Jules\.m2\repository"/>
    <property name="java.vendor.url.bug" value="https://github.com/microsoft/openjdk/issues"/>
    <property name="java.io.tmpdir" value="C:\Users\Jules\AppData\Local\Temp\"/>
    <property name="java.version" value="11.0.16.1"/>
    <property name="user.dir" value="C:\Users\Jules\Desktop\Uni\Revature\banking-application"/>
    <property name="os.arch" value="amd64"/>
    <property name="java.vm.specification.name" value="Java Virtual Machine Specification"/>
    <property name="java.awt.printerjob" value="sun.awt.windows.WPrinterJob"/>
    <property name="sun.os.patch.level" value=""/>
    <property name="java.library.path" value="C:\Program Files\Microsoft\jdk-11.0.16.101-hotspot\bin;C:\Windows\Sun\Java\bin;C:\Windows\system32;C:\Windows;C:\Program Files\Git\mingw64\bin;C:\Program Files\Git\usr\bin;C:\Users\Jules\bin;C:\Program Files (x86)\VMware\VMware Player\bin;C:\Program Files\Microsoft\jdk-11.0.16.101-hotspot\bin;C:\Program Files\Common Files\Oracle\Java\javapath;C:\Windows\system32;C:\Windows;C:\Windows\System32\Wbem;C:\Windows\System32\WindowsPowerShell\v1.0;C:\Windows\System32\OpenSSH;C:\Program Files\NVIDIA Corporation\NVIDIA NvDLISR;C:\Program Files\Git\cmd;C:\Ruby31-x64;C:\Program Files\Go\bin;C:\Program Files\PuTTY;C:\Program Files (x86)\NVIDIA Corporation\PhysX\Common;C:\Program Files\dotnet;C:\Program Files\nodejs;C:\Program Files\nodejs;C:\Maven\apache-maven-3.8.8\bin;C:\Users\Jules\AppData\Local\Programs\Python\Python310\Scripts;C:\Users\Jules\AppData\Local\Programs\Python\Python310;C:\Users\Jules\AppData\Local\Microsoft\WindowsApps;C:\Users\Jules\AppData\Local\Programs\Microsoft VS Code\bin;C:\Users\Jules\AppData\Local\Programs\Julia-1.8.2\bin;C:\Users\Jules\go\bin;C:\Users\Jules\AppData\Roaming\npm;C:\Users\Jules\.dotnet\tools;C:\msys64\ucrt64\bin;C:\Users\Jules\AppData\Local\Programs\Fiddler;C:\Program Files\JetBrains\IntelliJ IDEA Community Edition 2024.1.4\bin;."/>
    <property name="java.vm.info" value="mixed mode"/>
    <property name="java.vendor" value="Microsoft"/>
    <property name="java.vm.version" value="11.0.16.1+1-LTS"/>
    <property name="sun.io.unicode.encoding" value="UnicodeLittle"/>
    <property name="java.class.version" value="55.0"/>
  </properties>
  <testcase name="shouldAnswerWithTrue" classname="com.revature.AppTest" time="0.003"/>
</testsuite>